<?xml version="1.0" encoding="UTF-8"?>
<!-- Generated by org.testng.reporters.JUnitXMLReporter -->
<testsuite ignored="0" hostname="LTIN233315" failures="0" tests="14" name="ChromeTest" time="45.098" errors="0" timestamp="2024-02-15T10:18:45 IST">
  <testcase classname="testCases.TC01_MmtHomeTest" name="clickOnCabsTest" time="5.595"/>
  <testcase classname="testCases.TC01_MmtHomeTest" name="inputfromCityTest" time="0.833"/>
  <testcase classname="testCases.TC01_MmtHomeTest" name="inputToCityTest" time="1.053"/>
  <testcase classname="testCases.TC01_MmtHomeTest" name="inputDateTest" time="0.2"/>
  <testcase classname="testCases.TC01_MmtHomeTest" name="inputTimeTest" time="0.834"/>
  <testcase classname="testCases.TC01_MmtHomeTest" name="clickOnSearchTest" time="2.356"/>
  <testcase classname="testCases.TC02_MmtResultPageTest" name="selectSUVTest" time="1.574"/>
  <testcase classname="testCases.TC02_MmtResultPageTest" name="selectLowestPriceTest" time="1.283"/>
  <testcase classname="testCases.TC02_MmtResultPageTest" name="selectGiftTest" time="3.2"/>
  <testcase classname="testCases.TC03_GiftCardsTest" name="selectWeddingCardTest" time="2.542"/>
  <testcase classname="testCases.TC04_SenderDetailsTest" name="inputSenderandrecipientsDetailsTest" time="1.588"/>
  <testcase classname="testCases.TC04_SenderDetailsTest" name="getAlertMsgTest" time="0.395"/>
  <testcase classname="testCases.TC04_SenderDetailsTest" name="goToHotelsTest" time="0.549"/>
  <testcase classname="testCases.TC04_SenderDetailsTest" name="getNumberOfPeopleTest" time="4.6"/>
</testsuite> <!-- ChromeTest -->
