<?xml version="1.0" encoding="UTF-8"?>
<!-- Generated by org.testng.reporters.JUnitXMLReporter -->
<testsuite ignored="0" hostname="LTIN233315" failures="0" tests="14" name="EdgeTest" time="39.822" errors="0" timestamp="2024-02-15T10:19:30 IST">
  <testcase classname="testCases.TC01_MmtHomeTest" name="clickOnCabsTest" time="5.322"/>
  <testcase classname="testCases.TC01_MmtHomeTest" name="inputfromCityTest" time="0.857"/>
  <testcase classname="testCases.TC01_MmtHomeTest" name="inputToCityTest" time="0.825"/>
  <testcase classname="testCases.TC01_MmtHomeTest" name="inputDateTest" time="0.267"/>
  <testcase classname="testCases.TC01_MmtHomeTest" name="inputTimeTest" time="1.006"/>
  <testcase classname="testCases.TC01_MmtHomeTest" name="clickOnSearchTest" time="2.883"/>
  <testcase classname="testCases.TC02_MmtResultPageTest" name="selectSUVTest" time="1.758"/>
  <testcase classname="testCases.TC02_MmtResultPageTest" name="selectLowestPriceTest" time="0.284"/>
  <testcase classname="testCases.TC02_MmtResultPageTest" name="selectGiftTest" time="2.651"/>
  <testcase classname="testCases.TC03_GiftCardsTest" name="selectWeddingCardTest" time="1.876"/>
  <testcase classname="testCases.TC04_SenderDetailsTest" name="inputSenderandrecipientsDetailsTest" time="1.71"/>
  <testcase classname="testCases.TC04_SenderDetailsTest" name="getAlertMsgTest" time="0.455"/>
  <testcase classname="testCases.TC04_SenderDetailsTest" name="goToHotelsTest" time="0.71"/>
  <testcase classname="testCases.TC04_SenderDetailsTest" name="getNumberOfPeopleTest" time="2.944"/>
</testsuite> <!-- EdgeTest -->
