<?xml version="1.0" encoding="UTF-8"?>
<!-- Generated by org.testng.reporters.JUnitXMLReporter -->
<testsuite ignored="0" hostname="LTIN233315" failures="0" tests="14" name="Test" time="58.627" errors="0" timestamp="2024-02-15T10:17:23 IST">
  <testcase classname="testCases.TC01_MmtHomeTest" name="clickOnCabsTest" time="5.232"/>
  <testcase classname="testCases.TC01_MmtHomeTest" name="inputfromCityTest" time="1.41"/>
  <testcase classname="testCases.TC01_MmtHomeTest" name="inputToCityTest" time="1.256"/>
  <testcase classname="testCases.TC01_MmtHomeTest" name="inputDateTest" time="0.375"/>
  <testcase classname="testCases.TC01_MmtHomeTest" name="inputTimeTest" time="1.655"/>
  <testcase classname="testCases.TC01_MmtHomeTest" name="clickOnSearchTest" time="4.051"/>
  <testcase classname="testCases.TC02_MmtResultPageTest" name="selectSUVTest" time="2.333"/>
  <testcase classname="testCases.TC02_MmtResultPageTest" name="selectLowestPriceTest" time="2.157"/>
  <testcase classname="testCases.TC02_MmtResultPageTest" name="selectGiftTest" time="4.847"/>
  <testcase classname="testCases.TC03_GiftCardsTest" name="selectWeddingCardTest" time="2.654"/>
  <testcase classname="testCases.TC04_SenderDetailsTest" name="inputSenderandrecipientsDetailsTest" time="3.073"/>
  <testcase classname="testCases.TC04_SenderDetailsTest" name="getAlertMsgTest" time="0.532"/>
  <testcase classname="testCases.TC04_SenderDetailsTest" name="goToHotelsTest" time="0.956"/>
  <testcase classname="testCases.TC04_SenderDetailsTest" name="getNumberOfPeopleTest" time="5.762"/>
</testsuite> <!-- Test -->
